[    0.000000] Initializing cgroup subsys cpuset
[    0.000000] Initializing cgroup subsys cpu
[    0.000000] Initializing cgroup subsys cpuacct
[    0.000000] Linux version 4.4.0-119-generic (buildd@lcy01-amd64-013) (gcc version 5.4.0 20160609 (Ubuntu 5.4.0-6ubuntu1~16.04.9) ) #143-Ubuntu SMP Mon Apr 2 16:08:24 UTC 2018 (Ubuntu 4.4.0-119.143-generic 4.4.114)
[    0.000000] Command line: BOOT_IMAGE=/boot/vmlinuz-4.4.0-119-generic root=LABEL=cloudimg-rootfs ro console=tty1 console=ttyS0
[    0.000000] KERNEL supported cpus:
[    0.000000]   Intel GenuineIntel
[    0.000000]   AMD AuthenticAMD
[    0.000000]   Centaur CentaurHauls
[    0.000000] x86/fpu: xstate_offset[2]:  576, xstate_sizes[2]:  256
[    0.000000] x86/fpu: Supporting XSAVE feature 0x01: 'x87 floating point registers'
[    0.000000] x86/fpu: Supporting XSAVE feature 0x02: 'SSE registers'
[    0.000000] x86/fpu: Supporting XSAVE feature 0x04: 'AVX registers'
[    0.000000] x86/fpu: Enabled xstate features 0x7, context size is 832 bytes, using 'standard' format.
[    0.000000] x86/fpu: Using 'lazy' FPU context switches.
[    0.000000] e820: BIOS-provided physical RAM map:
[    0.000000] BIOS-e820: [mem 0x0000000000000000-0x000000000009fbff] usable
[    0.000000] BIOS-e820: [mem 0x000000000009fc00-0x000000000009ffff] reserved
[    0.000000] BIOS-e820: [mem 0x00000000000f0000-0x00000000000fffff] reserved
[    0.000000] BIOS-e820: [mem 0x0000000000100000-0x000000003ffeffff] usable
[    0.000000] BIOS-e820: [mem 0x000000003fff0000-0x000000003fffffff] ACPI data
[    0.000000] BIOS-e820: [mem 0x00000000fec00000-0x00000000fec00fff] reserved
[    0.000000] BIOS-e820: [mem 0x00000000fee00000-0x00000000fee00fff] reserved
[    0.000000] BIOS-e820: [mem 0x00000000fffc0000-0x00000000ffffffff] reserved
[    0.000000] NX (Execute Disable) protection: active
[    0.000000] SMBIOS 2.5 present.
[    0.000000] Hypervisor detected: KVM
[    0.000000] Kernel/User page tables isolation: disabled
[    0.000000] AGP: No AGP bridge found
[    0.000000] e820: last_pfn = 0x3fff0 max_arch_pfn = 0x400000000
[    0.000000] MTRR: Disabled
[    0.000000] x86/PAT: MTRRs disabled, skipping PAT initialization too.
[    0.000000] CPU MTRRs all blank - virtualized system.
[    0.000000] x86/PAT: Configuration [0-7]: WB  WT  UC- UC  WB  WT  UC- UC  
[    0.000000] found SMP MP-table at [mem 0x0009fff0-0x0009ffff] mapped at [ffff88000009fff0]
[    0.000000] Scanning 1 areas for low memory corruption
[    0.000000] RAMDISK: [mem 0x36aa4000-0x37549fff]
[    0.000000] ACPI: Early table checksum verification disabled
[    0.000000] ACPI: RSDP 0x00000000000E0000 000024 (v02 VBOX  )
[    0.000000] ACPI: XSDT 0x000000003FFF0030 00003C (v01 VBOX   VBOXXSDT 00000001 ASL  00000061)
[    0.000000] ACPI: FACP 0x000000003FFF00F0 0000F4 (v04 VBOX   VBOXFACP 00000001 ASL  00000061)
[    0.000000] ACPI: DSDT 0x000000003FFF0470 0021FF (v02 VBOX   VBOXBIOS 00000002 INTL 20100528)
[    0.000000] ACPI: FACS 0x000000003FFF0200 000040
[    0.000000] ACPI: FACS 0x000000003FFF0200 000040
[    0.000000] ACPI: APIC 0x000000003FFF0240 00005C (v02 VBOX   VBOXAPIC 00000001 ASL  00000061)
[    0.000000] ACPI: SSDT 0x000000003FFF02A0 0001CC (v01 VBOX   VBOXCPUT 00000002 INTL 20100528)
[    0.000000] No NUMA configuration found
[    0.000000] Faking a node at [mem 0x0000000000000000-0x000000003ffeffff]
[    0.000000] NODE_DATA(0) allocated [mem 0x3ffeb000-0x3ffeffff]
[    0.000000] kvm-clock: Using msrs 4b564d01 and 4b564d00
[    0.000000] kvm-clock: cpu 0, msr 0:3ffe3001, primary cpu clock
[    0.000000] kvm-clock: using sched offset of 4606045477 cycles
[    0.000000] clocksource: kvm-clock: mask: 0xffffffffffffffff max_cycles: 0x1cd42e4dffb, max_idle_ns: 881590591483 ns
[    0.000000] Zone ranges:
[    0.000000]   DMA      [mem 0x0000000000001000-0x0000000000ffffff]
[    0.000000]   DMA32    [mem 0x0000000001000000-0x000000003ffeffff]
[    0.000000]   Normal   empty
[    0.000000]   Device   empty
[    0.000000] Movable zone start for each node
[    0.000000] Early memory node ranges
[    0.000000]   node   0: [mem 0x0000000000001000-0x000000000009efff]
[    0.000000]   node   0: [mem 0x0000000000100000-0x000000003ffeffff]
[    0.000000] Initmem setup node 0 [mem 0x0000000000001000-0x000000003ffeffff]
[    0.000000] ACPI: PM-Timer IO Port: 0x4008
[    0.000000] IOAPIC[0]: apic_id 2, version 32, address 0xfec00000, GSI 0-23
[    0.000000] ACPI: INT_SRC_OVR (bus 0 bus_irq 0 global_irq 2 dfl dfl)
[    0.000000] ACPI: INT_SRC_OVR (bus 0 bus_irq 9 global_irq 9 high level)
[    0.000000] Using ACPI (MADT) for SMP configuration information
[    0.000000] smpboot: Allowing 2 CPUs, 0 hotplug CPUs
[    0.000000] PM: Registered nosave memory: [mem 0x00000000-0x00000fff]
[    0.000000] PM: Registered nosave memory: [mem 0x0009f000-0x0009ffff]
[    0.000000] PM: Registered nosave memory: [mem 0x000a0000-0x000effff]
[    0.000000] PM: Registered nosave memory: [mem 0x000f0000-0x000fffff]
[    0.000000] e820: [mem 0x40000000-0xfebfffff] available for PCI devices
[    0.000000] Booting paravirtualized kernel on KVM
[    0.000000] clocksource: refined-jiffies: mask: 0xffffffff max_cycles: 0xffffffff, max_idle_ns: 7645519600211568 ns
[    0.000000] setup_percpu: NR_CPUS:512 nr_cpumask_bits:512 nr_cpu_ids:2 nr_node_ids:1
[    0.000000] PERCPU: Embedded 34 pages/cpu @ffff88003fc00000 s99544 r8192 d31528 u1048576
[    0.000000] PV qspinlock hash table entries: 256 (order: 0, 4096 bytes)
[    0.000000] Built 1 zonelists in Node order, mobility grouping on.  Total pages: 257912
[    0.000000] Policy zone: DMA32
[    0.000000] Kernel command line: BOOT_IMAGE=/boot/vmlinuz-4.4.0-119-generic root=LABEL=cloudimg-rootfs ro console=tty1 console=ttyS0
[    0.000000] PID hash table entries: 4096 (order: 3, 32768 bytes)
[    0.000000] AGP: Checking aperture...
[    0.000000] AGP: No AGP bridge found
[    0.000000] Memory: 1001620K/1048120K available (8532K kernel code, 1313K rwdata, 3996K rodata, 1508K init, 1316K bss, 46500K reserved, 0K cma-reserved)
[    0.000000] SLUB: HWalign=64, Order=0-3, MinObjects=0, CPUs=2, Nodes=1
[    0.000000] Hierarchical RCU implementation.
[    0.000000] 	Build-time adjustment of leaf fanout to 64.
[    0.000000] 	RCU restricting CPUs from NR_CPUS=512 to nr_cpu_ids=2.
[    0.000000] RCU: Adjusting geometry for rcu_fanout_leaf=64, nr_cpu_ids=2
[    0.000000] NR_IRQS:33024 nr_irqs:440 16
[    0.000000] Console: colour VGA+ 80x25
[    0.000000] console [tty1] enabled
[    0.000000] console [ttyS0] enabled
[    0.000000] tsc: Detected 3616.234 MHz processor
[    0.000000] tsc: Marking TSC unstable due to TSCs unsynchronized
[    0.012000] Calibrating delay loop (skipped) preset value.. 7232.46 BogoMIPS (lpj=14464936)
[    0.016009] pid_max: default: 32768 minimum: 301
[    0.020020] ACPI: Core revision 20150930
[    0.025108] ACPI: 2 ACPI AML tables successfully acquired and loaded
[    0.032473] Security Framework initialized
[    0.036011] Yama: becoming mindful.
[    0.040032] AppArmor: AppArmor initialized
[    0.044124] Dentry cache hash table entries: 131072 (order: 8, 1048576 bytes)
[    0.048328] Inode-cache hash table entries: 65536 (order: 7, 524288 bytes)
[    0.056068] Mount-cache hash table entries: 2048 (order: 2, 16384 bytes)
[    0.060024] Mountpoint-cache hash table entries: 2048 (order: 2, 16384 bytes)
[    0.068194] Initializing cgroup subsys io
[    0.072016] Initializing cgroup subsys memory
[    0.076022] Initializing cgroup subsys devices
[    0.080017] Initializing cgroup subsys freezer
[    0.084018] Initializing cgroup subsys net_cls
[    0.088015] Initializing cgroup subsys perf_event
[    0.092016] Initializing cgroup subsys net_prio
[    0.096022] Initializing cgroup subsys hugetlb
[    0.100013] Initializing cgroup subsys pids
[    0.104173] FEATURE SPEC_CTRL Not Present
[    0.108009] FEATURE IBPB Not Present
[    0.112012] CPU: Physical Processor ID: 0
[    0.116009] CPU: Processor Core ID: 0
[    0.120014] mce: CPU supports 0 MCE banks
[    0.124031] Last level iTLB entries: 4KB 512, 2MB 1024, 4MB 512
[    0.128010] Last level dTLB entries: 4KB 1024, 2MB 1024, 4MB 512, 1GB 0
[    0.132010] Spectre V2 mitigation: LFENCE not serializing. Switching to generic retpoline
[    0.136011] Spectre V2 mitigation: Mitigation: Full generic retpoline
[    0.140010] Spectre V2 mitigation: Speculation control IBPB not-supported IBRS not-supported
[    0.144010] Spectre V2 mitigation: Filling RSB on context switch
[    0.156313] Freeing SMP alternatives memory: 32K
[    0.173334] ftrace: allocating 32195 entries in 126 pages
[    0.208095] smpboot: APIC(0) Converting physical 0 to logical package 0
[    0.212014] smpboot: Max logical packages: 1
[    0.216484] x2apic enabled
[    0.220013] Switched APIC routing to physical x2apic.
[    0.225803] ..TIMER: vector=0x30 apic1=0 pin1=2 apic2=-1 pin2=-1
[    0.232000] smpboot: CPU0: AMD FX(tm)-4100 Quad-Core Processor (family: 0x15, model: 0x1, stepping: 0x2)
[    0.244016] Performance Events: Broken PMU hardware detected, using software events only.
[    0.252010] Failed to access perfctr msr (MSR c0010007 is 0)
[    0.256049] KVM setup paravirtual spinlock
[    0.261007] x86: Booting SMP configuration:
[    0.264007] .... node  #0, CPUs:      #1
[    0.012000] kvm-clock: cpu 1, msr 0:3ffe3041, secondary cpu clock
[    0.012000] mce: CPU supports 0 MCE banks
[    0.333292] x86: Booted up 1 node, 2 CPUs
[    0.336009] smpboot: Total of 2 processors activated (14464.93 BogoMIPS)
[    0.340462] devtmpfs: initialized
[    0.365728] evm: security.selinux
[    0.388005] evm: security.SMACK64
[    0.408009] evm: security.SMACK64EXEC
[    0.440006] evm: security.SMACK64TRANSMUTE
[    0.500006] evm: security.SMACK64MMAP
[    0.576008] evm: security.ima
[    0.612006] evm: security.capability
[    0.688191] clocksource: jiffies: mask: 0xffffffff max_cycles: 0xffffffff, max_idle_ns: 7645041785100000 ns
[    0.812027] futex hash table entries: 512 (order: 3, 32768 bytes)
[    0.876056] pinctrl core: initialized pinctrl subsystem
[    0.896246] RTC time:  9:10:52, date: 04/16/18
[    0.944224] NET: Registered protocol family 16
[    1.004009] cpuidle: using governor ladder
[    1.068010] cpuidle: using governor menu
[    1.136013] PCCT header not found.
[    1.172462] ACPI: bus type PCI registered
[    1.240010] acpiphp: ACPI Hot Plug PCI Controller Driver version: 0.5
[    1.324153] PCI: Using configuration type 1 for base access
[    1.388007] PCI: Using configuration type 1 for extended access
[    1.444144] ACPI: Added _OSI(Module Device)
[    1.448008] ACPI: Added _OSI(Processor Device)
[    1.452008] ACPI: Added _OSI(3.0 _SCP Extensions)
[    1.456007] ACPI: Added _OSI(Processor Aggregator Device)
[    1.460926] ACPI: Executed 1 blocks of module-level executable AML code
[    1.473801] ACPI: Interpreter enabled
[    1.476022] ACPI: (supports S0 S5)
[    1.480006] ACPI: Using IOAPIC for interrupt routing
[    1.484236] PCI: Using host bridge windows from ACPI; if necessary, use "pci=nocrs" and report a bug
[    1.495714] ACPI: PCI Root Bridge [PCI0] (domain 0000 [bus 00-ff])
[    1.496017] acpi PNP0A03:00: _OSC: OS supports [ExtendedConfig ASPM ClockPM Segments MSI]
[    1.500203] acpi PNP0A03:00: _OSC: OS now controls [PCIeHotplug PME AER PCIeCapability]
[    1.504415] PCI host bridge to bus 0000:00
[    1.508014] pci_bus 0000:00: root bus resource [io  0x0000-0x0cf7 window]
[    1.512011] pci_bus 0000:00: root bus resource [io  0x0d00-0xffff window]
[    1.516011] pci_bus 0000:00: root bus resource [mem 0x000a0000-0x000bffff window]
[    1.520012] pci_bus 0000:00: root bus resource [mem 0x40000000-0xffdfffff window]
[    1.524011] pci_bus 0000:00: root bus resource [bus 00-ff]
[    1.530497] pci 0000:00:01.1: legacy IDE quirk: reg 0x10: [io  0x01f0-0x01f7]
[    1.532011] pci 0000:00:01.1: legacy IDE quirk: reg 0x14: [io  0x03f6]
[    1.536011] pci 0000:00:01.1: legacy IDE quirk: reg 0x18: [io  0x0170-0x0177]
[    1.540011] pci 0000:00:01.1: legacy IDE quirk: reg 0x1c: [io  0x0376]
[    1.569407] pci 0000:00:07.0: quirk: [io  0x4000-0x403f] claimed by PIIX4 ACPI
[    1.572047] pci 0000:00:07.0: quirk: [io  0x4100-0x410f] claimed by PIIX4 SMB
[    1.591442] ACPI: PCI Interrupt Link [LNKA] (IRQs 5 9 10 *11)
[    1.602151] ACPI: PCI Interrupt Link [LNKB] (IRQs 5 9 10 *11)
[    1.612725] ACPI: PCI Interrupt Link [LNKC] (IRQs 5 9 *10 11)
[    1.623531] ACPI: PCI Interrupt Link [LNKD] (IRQs 5 *9 10 11)
[    1.634199] ACPI: Enabled 2 GPEs in block 00 to 07
[    1.640185] vgaarb: setting as boot device: PCI:0000:00:02.0
[    1.644000] vgaarb: device added: PCI:0000:00:02.0,decodes=io+mem,owns=io+mem,locks=none
[    1.644012] vgaarb: loaded
[    1.648009] vgaarb: bridge control possible 0000:00:02.0
[    1.656120] SCSI subsystem initialized
[    1.660082] ACPI: bus type USB registered
[    1.664050] usbcore: registered new interface driver usbfs
[    1.668038] usbcore: registered new interface driver hub
[    1.672050] usbcore: registered new device driver usb
[    1.676140] PCI: Using ACPI for IRQ routing
[    1.680579] NetLabel: Initializing
[    1.684005] NetLabel:  domain hash size = 128
[    1.688006] NetLabel:  protocols = UNLABELED CIPSOv4
[    1.692026] NetLabel:  unlabeled traffic allowed by default
[    1.700087] amd_nb: Cannot enumerate AMD northbridges
[    1.708010] clocksource: Switched to clocksource kvm-clock
[    1.795381] AppArmor: AppArmor Filesystem Enabled
[    1.885859] pnp: PnP ACPI init
[    1.918903] pnp: PnP ACPI: found 3 devices
[    2.023031] clocksource: acpi_pm: mask: 0xffffff max_cycles: 0xffffff, max_idle_ns: 2085701024 ns
[    2.119740] NET: Registered protocol family 2
[    2.122841] TCP established hash table entries: 8192 (order: 4, 65536 bytes)
[    2.207408] TCP bind hash table entries: 8192 (order: 5, 131072 bytes)
[    2.308373] TCP: Hash tables configured (established 8192 bind 8192)
[    2.414250] UDP hash table entries: 512 (order: 2, 16384 bytes)
[    2.538428] UDP-Lite hash table entries: 512 (order: 2, 16384 bytes)
[    2.659416] NET: Registered protocol family 1
[    2.753087] pci 0000:00:00.0: Limiting direct PCI/PCI transfers
[    2.854934] pci 0000:00:01.0: Activating ISA DMA hang workarounds
[    2.940785] Unpacking initramfs...
[    4.983657] Freeing initrd memory: 10904K
[    5.067016] clocksource: tsc: mask: 0xffffffffffffffff max_cycles: 0x34203af5b4b, max_idle_ns: 440795369470 ns
[    5.227444] platform rtc_cmos: registered platform RTC device (no PNP device found)
[    5.389463] Scanning for low memory corruption every 60 seconds
[    5.507997] audit: initializing netlink subsys (disabled)
[    5.592748] audit: type=2000 audit(1523869848.477:1): initialized
[    5.672164] Initialise system trusted keyring
[    5.761993] HugeTLB registered 2 MB page size, pre-allocated 0 pages
[    5.827145] zbud: loaded
[    5.858684] VFS: Disk quotas dquot_6.6.0
[    5.947053] VFS: Dquot-cache hash table entries: 512 (order 0, 4096 bytes)
[    6.045649] squashfs: version 4.0 (2009/01/31) Phillip Lougher
[    6.081663] fuse init (API version 7.23)
[    6.126240] Key type big_key registered
[    6.166370] Allocating IMA MOK and blacklist keyrings.
[    6.215105] Key type asymmetric registered
[    6.251126] Asymmetric key parser 'x509' registered
[    6.296177] Block layer SCSI generic (bsg) driver version 0.4 loaded (major 249)
[    6.349311] io scheduler noop registered
[    6.388623] io scheduler deadline registered (default)
[    6.442617] io scheduler cfq registered
[    6.463923] pci_hotplug: PCI Hot Plug PCI Core version: 0.5
[    6.530580] pciehp: PCI Express Hot Plug Controller Driver version: 0.4
[    6.628512] ACPI: AC Adapter [AC] (on-line)
[    6.696703] input: Power Button as /devices/LNXSYSTM:00/LNXPWRBN:00/input/input0
[    6.778050] ACPI: Power Button [PWRF]
[    6.822256] input: Sleep Button as /devices/LNXSYSTM:00/LNXSLPBN:00/input/input1
[    6.937641] ACPI: Sleep Button [SLPF]
[    6.956952] GHES: HEST is not enabled!
[    6.999859] Serial: 8250/16550 driver, 32 ports, IRQ sharing enabled
[    7.114289] 00:02: ttyS0 at I/O 0x3f8 (irq = 4, base_baud = 115200) is a 16550A
[    7.172392] Linux agpgart interface v0.103
[    7.207711] loop: module loaded
[    7.240993] scsi host0: ata_piix
[    7.317195] scsi host1: ata_piix
[    7.378325] ata1: PATA max UDMA/33 cmd 0x1f0 ctl 0x3f6 bmdma 0xd000 irq 14
[    7.484863] ata2: PATA max UDMA/33 cmd 0x170 ctl 0x376 bmdma 0xd008 irq 15
[    7.607163] libphy: Fixed MDIO Bus: probed
[    7.711799] tun: Universal TUN/TAP device driver, 1.6
[    7.770247] tun: (C) 1999-2004 Max Krasnyansky <maxk@qualcomm.com>
[    7.907171] PPP generic driver version 2.4.2
[    8.000078] ehci_hcd: USB 2.0 'Enhanced' Host Controller (EHCI) Driver
[    8.100963] ehci-pci: EHCI PCI platform driver
[    8.203388] ehci-platform: EHCI generic platform driver
[    8.326550] ohci_hcd: USB 1.1 'Open' Host Controller (OHCI) Driver
[    8.480995] ohci-pci: OHCI PCI platform driver
[    8.562492] ohci-platform: OHCI generic platform driver
[    8.685483] uhci_hcd: USB Universal Host Controller Interface driver
[    8.823184] i8042: PNP: PS/2 Controller [PNP0303:PS2K,PNP0f03:PS2M] at 0x60,0x64 irq 1,12
[    9.007643] serio: i8042 KBD port at 0x60,0x64 irq 1
[    9.137016] serio: i8042 AUX port at 0x60,0x64 irq 12
[    9.226433] mousedev: PS/2 mouse device common for all mice
[    9.328764] rtc_cmos rtc_cmos: rtc core: registered rtc_cmos as rtc0
[    9.334544] input: AT Translated Set 2 keyboard as /devices/platform/i8042/serio0/input/input2
[    9.455778] rtc_cmos rtc_cmos: alarms up to one day, 114 bytes nvram
[    9.506794] i2c /dev entries driver
[    9.550592] device-mapper: uevent: version 1.0.3
[    9.610849] device-mapper: ioctl: 4.34.0-ioctl (2015-10-28) initialised: dm-devel@redhat.com
[    9.706569] ledtrig-cpu: registered to indicate activity on CPUs
[    9.787059] NET: Registered protocol family 10
[    9.865438] NET: Registered protocol family 17
[    9.948854] Key type dns_resolver registered
[   10.044262] registered taskstats version 1
[   10.121198] Loading compiled-in X.509 certificates
[   10.213571] Loaded X.509 cert 'Build time autogenerated kernel key: f854e06633b5f496ced5b2e02c7b14f761b69302'
[   10.369330] zswap: loaded using pool lzo/zbud
[   10.432141] Key type trusted registered
[   10.485554] Key type encrypted registered
[   10.520201] AppArmor: AppArmor sha1 policy hashing enabled
[   10.565801] ima: No TPM chip found, activating TPM-bypass!
[   10.640352] evm: HMAC attrs: 0x1
[   10.686657]   Magic number: 14:757:171
[   10.723890] rtc_cmos rtc_cmos: setting system clock to 2018-04-16 09:11:05 UTC (1523869865)
[   10.796975] BIOS EDD facility v0.16 2004-Jun-25, 0 devices found
[   10.879332] EDD information not available.
[   10.920762] Freeing unused kernel memory: 1508K
[   10.961123] Write protecting the kernel read-only data: 14336k
[   11.013639] Freeing unused kernel memory: 1696K
[   11.057095] Freeing unused kernel memory: 100K
Loading, please wait...
[   11.133456] random: systemd-udevd: uninitialized urandom read (16 bytes read, 4 bits of entropy available)
starting version[   11.134171] random: udevadm: uninitialized urandom read (16 bytes read, 4 bits of entropy available)
 229
[   11.134198] random: udevadm: uninitialized urandom read (16 bytes read, 4 bits of entropy available)
[   11.152509] random: udevadm: uninitialized urandom read (16 bytes read, 4 bits of entropy available)
[   11.152576] random: udevadm: uninitialized urandom read (16 bytes read, 4 bits of entropy available)
[   11.152896] random: udevadm: uninitialized urandom read (16 bytes read, 4 bits of entropy available)
[   11.152959] random: udevadm: uninitialized urandom read (16 bytes read, 4 bits of entropy available)
[   11.153024] random: udevadm: uninitialized urandom read (16 bytes read, 4 bits of entropy available)
[   11.153086] random: udevadm: uninitialized urandom read (16 bytes read, 4 bits of entropy available)
[   11.153172] random: udevadm: uninitialized urandom read (16 bytes read, 4 bits of entropy available)
[   12.535497] Fusion MPT base driver 3.04.20
[   12.587529] Copyright (c) 1999-2008 LSI Corporation
[   12.642581] Fusion MPT SPI Host driver 3.04.20
[   12.724867] mptbase: ioc0: Initiating bringup
[   12.737384] e1000: Intel(R) PRO/1000 Network Driver - version 7.3.21-k8-NAPI
[   12.737385] e1000: Copyright (c) 1999-2006 Intel Corporation.
[   12.951556] AVX version of gcm_enc/dec engaged.
[   13.008614] ioc0: LSI53C1030 A0: Capabilities={Initiator}
[   13.067800] AES CTR mode by8 optimization enabled
[   13.152633] input: ImExPS/2 Generic Explorer Mouse as /devices/platform/i8042/serio1/input/input4
[   13.181796] scsi host2: ioc0: LSI53C1030 A0, FwRev=00000000h, Ports=1, MaxQ=256, IRQ=20
[   13.294188] scsi 2:0:0:0: Direct-Access     VBOX     HARDDISK         1.0  PQ: 0 ANSI: 5
[   13.294195] scsi target2:0:0: Beginning Domain Validation
[   13.295401] scsi target2:0:0: Domain Validation skipping write tests
[   13.295403] scsi target2:0:0: Ending Domain Validation
[   13.295468] scsi target2:0:0: asynchronous
[   13.296001] scsi 2:0:1:0: Direct-Access     VBOX     HARDDISK         1.0  PQ: 0 ANSI: 5
[   13.296008] scsi target2:0:1: Beginning Domain Validation
[   13.297163] scsi target2:0:1: Domain Validation skipping write tests
[   13.297164] scsi target2:0:1: Ending Domain Validation
[   13.297221] scsi target2:0:1: asynchronous
[   13.309436] sd 2:0:0:0: Attached scsi generic sg0 type 0
[   13.309466] sd 2:0:0:0: [sda] 20971520 512-byte logical blocks: (10.7 GB/10.0 GiB)
[   13.309893] sd 2:0:0:0: [sda] Write Protect is off
[   13.310277] sd 2:0:1:0: Attached scsi generic sg1 type 0
[   13.310308] sd 2:0:0:0: [sda] Incomplete mode parameter data
[   13.310310] sd 2:0:0:0: [sda] Assuming drive cache: write through
[   13.310580] sd 2:0:1:0: [sdb] 20480 512-byte logical blocks: (10.5 MB/10.0 MiB)
[   13.311095] sd 2:0:1:0: [sdb] Write Protect is off
[   13.311277] sd 2:0:1:0: [sdb] Incomplete mode parameter data
[   13.311279] sd 2:0:1:0: [sdb] Assuming drive cache: write through
[   13.325830]  sda: sda1
[   13.326592] sd 2:0:0:0: [sda] Attached SCSI disk
[   13.358573] sd 2:0:1:0: [sdb] Attached SCSI disk
[   13.887712] e1000 0000:00:03.0 eth0: (PCI:33MHz:32-bit) 02:39:99:10:d1:5e
[   13.887717] e1000 0000:00:03.0 eth0: Intel(R) PRO/1000 Network Connection
[   14.312270] e1000 0000:00:08.0 eth1: (PCI:33MHz:32-bit) 08:00:27:4a:20:0d
[   14.312273] e1000 0000:00:08.0 eth1: Intel(R) PRO/1000 Network Connection
[   14.384035] e1000 0000:00:03.0 enp0s3: renamed from eth0
[   14.636902] e1000 0000:00:08.0 enp0s8: renamed from eth1
[   15.724860] floppy0: no floppy controllers found
Begin: Loading e[   17.361387] md: linear personality registered for level -1
ssential drivers[   17.456159] md: multipath personality registered for level -4
 ... [   17.576575] md: raid0 personality registered for level 0
[   17.682610] md: raid1 personality registered for level 1
[   17.820177] raid6: sse2x1   gen()  4096 MB/s
[   17.936201] raid6: sse2x1   xor()  4380 MB/s
[   18.052635] raid6: sse2x2   gen()  7858 MB/s
[   18.176200] raid6: sse2x2   xor()  6298 MB/s
[   18.268238] raid6: sse2x4   gen() 10273 MB/s
[   18.384312] raid6: sse2x4   xor()  5944 MB/s
[   18.450954] raid6: using algorithm sse2x4 gen() 10273 MB/s
[   18.510078] raid6: .... xor() 5944 MB/s, rmw enabled
[   18.562060] raid6: using ssse3x2 recovery algorithm
[   18.626708] xor: automatically using best checksumming function:
[   18.752040]    avx       :  9716.000 MB/sec
[   18.831302] async_tx: api initialized (async)
[   18.925915] md: raid6 personality registered for level 6
[   18.997124] md: raid5 personality registered for level 5
[   19.087669] md: raid4 personality registered for level 4
[   19.175924] md: raid10 personality registered for level 10
done.
Begin: Running /scripts/init-premount ... done.[   19.294383] Btrfs loaded

Begin: Mounting root file system ... Begin: Running /scripts/local-top ... done.
Begin: Running /scripts/local-premount ... Scanning for Btrfs[   19.463009] EXT4-fs (sda1): mounted filesystem with ordered data mode. Opts: (null)
 filesystems
done.
Warning: fsck not present, so skipping root file system
done.
Begin: Running /scripts/local-bottom ... done.
Begin: Running /scripts/init-bottom ... done.
[   20.160088] random: nonblocking pool is initialized
[   20.514558] systemd[1]: systemd 229 running in system mode. (+PAM +AUDIT +SELINUX +IMA +APPARMOR +SMACK +SYSVINIT +UTMP +LIBCRYPTSETUP +GCRYPT +GNUTLS +ACL +XZ -LZ4 +SECCOMP +BLKID +ELFUTILS +KMOD -IDN)
[   20.819450] systemd[1]: Detected virtualization oracle.
[   20.883634] systemd[1]: Detected architecture x86-64.

Welcome to [1mUbuntu 16.04.4 LTS[0m!

[   21.054152] systemd[1]: Set hostname to <ubuntu>.
[   21.140307] systemd[1]: Initializing machine ID from random generator.
[   21.312982] systemd[1]: Installed transient /etc/machine-id file.
[   22.489324] systemd[1]: Set up automount Arbitrary Executable File Formats File System Automount Point.
[[0;32m  OK  [0m] Set up automount Arbitrary Executab...ats File System Automount Point.
[   22.688653] systemd[1]: Reached target Encrypted Volumes.
[[0;32m  OK  [0m] Reached target Encrypted Volumes.
[   22.796514] systemd[1]: Listening on Journal Socket (/dev/log).
[[0;32m  OK  [0m] Listening on Journal Socket (/dev/log).
[   22.924532] systemd[1]: Reached target System Time Synchronized.
[[0;32m  OK  [0m] Reached target System Time Synchronized.
[   22.988711] systemd[1]: Listening on /dev/initctl Compatibility Named Pipe.
[[0;32m  OK  [0m] Listening on /dev/initctl Compatibility Named Pipe.
[   23.108638] systemd[1]: Started Trigger resolvconf update for networkd DNS.
[[0;32m  OK  [0m] Started Trigger resolvconf update for networkd DNS.
[   23.253802] systemd[1]: Created slice System Slice.
[[0;32m  OK  [0m] Created slice System Slice.
[   23.349752] systemd[1]: Listening on Journal Socket.
[[0;32m  OK  [0m] Listening on Journal Socket.
[   23.476598] systemd[1]: Mounting Huge Pages File System...
         Mounting Huge Pages File System...
[   23.628254] systemd[1]: Starting Uncomplicated firewall...
         Starting Uncomplicated firewall...
[   23.748406] systemd[1]: Starting Nameserver information manager...
         Starting Nameserver information manager...
[   23.884729] systemd[1]: Mounting Debug File System...
         Mounting Debug File System...
[   23.996684] systemd[1]: Starting Load Kernel Modules...
         Startin[   24.052752] Loading iSCSI transport class v2.0-870.
g Load Kernel Mo[   24.162871] iscsi: registered transport (tcp)
dules...
[   24.288641] systemd[1]: Starting Create list of required static device nodes for the current kernel...
         Starting Create list of required st... nodes for the current kernel...[   24.507134] iscsi: registered transport (iser)

[   24.624658] systemd[1]: Mounting POSIX Message Queue File System...
         Mounting POSIX Message Queue File System...
[   24.752383] systemd[1]: Starting Remount Root and Kernel File Systems...
         [   24.849393] EXT4-fs (sda1): re-mounted. Opts: (null)
Starting Remount Root and Kernel File Systems...
[   24.940647] systemd[1]: Created slice User and Session Slice.
[[0;32m  OK  [0m] Created slice User and Session Slice.
[   25.112369] systemd[1]: Reached target Slices.
[[0;32m  OK  [0m] Reached target Slices.
[   25.260393] systemd[1]: Listening on udev Control Socket.
[[0;32m  OK  [0m] Listening on udev Control Socket.
[   25.400420] systemd[1]: Listening on LVM2 metadata daemon socket.
[[0;32m  OK  [0m] Listening on LVM2 metadata daemon socket.
[   25.616427] systemd[1]: Starting Set console keymap...
         Starting Set console keymap...
[   25.740571] systemd[1]: Listening on Syslog Socket.
[[0;32m  OK  [0m] Listening on Syslog Socket.
[   25.825654] systemd[1]: Listening on LVM2 poll daemon socket.
[[0;32m  OK  [0m] Listening on LVM2 poll daemon socket.
[   25.932524] systemd[1]: Listening on Device-mapper event daemon FIFOs.
[[0;32m  OK  [0m] Listening on Device-mapper event daemon FIFOs.
[   26.104669] systemd[1]: Starting Monitoring of LVM2 mirrors, snapshots etc. using dmeventd or progress polling...
         Starting Monitoring of LVM2 mirrors... dmeventd or progress polling...
[   26.257044] systemd[1]: Created slice system-serial\x2dgetty.slice.
[[0;32m  OK  [0m] Created slice system-serial\x2dgetty.slice.
[   26.378068] systemd[1]: Listening on Journal Audit Socket.
[[0;32m  OK  [0m] Listening on Journal Audit Socket.
[   26.496476] systemd[1]: Starting Journal Service...
         Starting Journal Service...
[   26.596486] systemd[1]: Reached target Swap.
[[0;32m  OK  [0m] Reached target Swap.
[   26.704356] systemd[1]: Reached target User and Group Name Lookups.
[[0;32m  OK  [0m] Reached target User and Group Name Lookups.
[   26.840479] systemd[1]: Started Forward Password Requests to Wall Directory Watch.
[[0;32m  OK  [0m] Started Forward Password Requests to Wall Directory Watch.
[   26.992447] systemd[1]: Listening on udev Kernel Socket.
[[0;32m  OK  [0m] Listening on udev Kernel Socket.
[   27.109287] systemd[1]: Mounted Debug File System.
[[0;32m  OK  [0m] Mounted Debug File System.
[   27.236425] systemd[1]: Mounted POSIX Message Queue File System.
[[0;32m  OK  [0m] Mounted POSIX Message Queue File System.
[   27.364313] systemd[1]: Mounted Huge Pages File System.
[[0;32m  OK  [0m] Mounted Huge Pages File System.
[   27.476732] systemd[1]: Started Journal Service.
[[0;32m  OK  [0m] Started Journal Service.
[[0;32m  OK  [0m] Started Uncomplicated firewall.
[[0;32m  OK  [0m] Started Load Kernel Modules.
[[0;32m  OK  [0m] Started Create list of required sta...ce nodes for the current kernel.
[[0;32m  OK  [0m] Started Remount Root and Kernel File Systems.
[[0;32m  OK  [0m] Started Set console keymap.
[[0;32m  OK  [0m] Started Nameserver information manager.
[[0;32m  OK  [0m] Started LVM2 metadata daemon.
         Starting udev Coldplug all Devices...
         Starting Initial cloud-init job (pre-networking)...
         Starting Load/Save Random Seed...
         Starting Create Static Device Nodes in /dev...
         Starting Apply Kernel Variables...
         Mounting FUSE Control File System...
         Starting Flush Journal to Persistent Storage...
[[0;32m  OK  [0m] Mounted FUSE Control File System.
[[0;32m  OK  [0m] Started Load/Save Random Seed.
[[0;32m  OK  [0m] Started udev Coldplug all Devices.
[[0;32m  OK  [0m] Started Monitoring of LVM2 mirrors,...ng dmeventd or progress polling.
[[0;32m  OK  [0m] Started Create Static Device Nodes in /dev.
[[0;32m  OK  [0m] Started Apply Kernel Variables.
         Starting udev Kernel Device Manager...
[[0;32m  OK  [0m] Started Flush Journal to Persistent Storage.
[[0;32m  OK  [0m] Started udev Kernel Device Manager.
[[0;32m  OK  [0m] Reached target Local File Systems (Pre).
[[0;32m  OK  [0m] Reached target Local File Systems.
         Starting Create Volatile Files and Directories...
         Starting Tell Plymouth To Write Out Runtime Data...
         Starting Commit a transient machine-id on disk...
         Starting Set console font and keymap...
         Starting LSB: AppArmor initialization...
[[0;32m  OK  [0m] Started Dispatch Password Requests to Console Directory Watch.
[[0;32m  OK  [0m] Started Create Volatile Files and Directories.
[[0;32m  OK  [0m] Started Commit a transient machine-id on disk.
[[0;32m  OK  [0m] Started Tell Plymouth To Write Out Runtime Data.
[[0;32m  OK  [0m] Found device /dev/ttyS0.
         Starting Update UTMP about System Boot/Shutdown...
[[0;32m  OK  [0m] Started Update UTMP about System Boot/Shutdown.
[[0;32m  OK  [0m] Listening on Load/Save RF Kill Switch Status /dev/rfkill Watch.
[[0;32m  OK  [0m] Started LSB: AppArmor initialization.
[[0;32m  OK  [0m] Started Set console font and keymap.
[[0;32m  OK  [0m] Created slice system-getty.slice.
[   34.637769] cloud-init[441]: Cloud-init v. 17.2 running 'init-local' at Mon, 16 Apr 2018 09:11:28 +0000. Up 34.09 seconds.
[[0;32m  OK  [0m] Started Initial cloud-init job (pre-networking).
[[0;32m  OK  [0m] Reached target Network (Pre).
         Starting Raise network interfaces...
[[0;32m  OK  [0m] Started Raise network interfaces.
[[0;32m  OK  [0m] Reached target Network.
         Starting Initial cloud-init job (metadata service crawler)...
[   38.134644] cloud-init[963]: Cloud-init v. 17.2 running 'init' at Mon, 16 Apr 2018 09:11:30 +0000. Up 35.76 seconds.
[   38.228526] cloud-init[963]: ci-info: ++++++++++++++++++++++++++++++++++++++Net device info++++++++++++++++++++++++++++++++++++++
[   38.228873] cloud-init[963]: ci-info: +--------+-------+----------------------------+---------------+-------+-------------------+
[[0;32m  OK  [0m] Started Initial cloud-init job (metadata service crawler).
[   38.229109] cloud-init[963]: ci-info: | Device |   Up  |          Address           |      Mask     | Scope |     Hw-Address    |
[   38.632446] cloud-init[963]: ci-info: +--------+-------+----------------------------+---------------+-------+-------------------+
[   38.633009] cloud-init[963]: ci-info: | enp0s3 |  True |         10.0.2.15          | 255.255.255.0 |   .   | 02:39:99:10:d1:5e |
[[0;32m  OK  [0m] Reached target Network is Online.
[   38.633321] cloud-init[963]: ci-info: | enp0s3 |  True | fe80::39:99ff:fe10:d15e/64 |       .       |  link | 02:39:99:10:d1:5e |
[   39.025321]          cloud-initStarting iSCSI initiator daemon (iscsid)...[963]: 
ci-info: | enp0s8 | False |             .              |       .       |   .   | 08:00:27:4a:20:0d |
[   39.172513] cloud-init[963]: ci-info: |   lo   |  True |         127.0.0.1          |   255.0.0.0   |   .   |         .         |
[   39.172917] cloud-init[963]: ci-info: |   lo   |  True |          ::1/128           |       .       |  host |         .         |
[[0;32m  OK  [0m] Reached target Cloud-config availability.
[[   39.173120] cloud-init[963]: ci-info: +--------+-------+----------------------------+---------------+-------+-------------------+
[   39.469065] cloud-init[963]: ci-info: +++++++++++++++++++++++++++Route IPv4 info++++++++++++++++++++++++++++
[0;32m  OK  [0m] Reached target System Initialization.
         Starting Socket activation for snappy daemon.
[[0;32m  OK  [0m] Listening on D-Bus System Message Bus Socket.
[   39.469223] cloud-init[963]: ci-info: +-------+-------------+----------+---------------+-----------+-------+
[   39.948487] cloud-init[963]: ci-info: | Route | Destination | Gateway  |    Genmask    | Interface | Flags |
[   39.948855] cloud-init[963]: ci-info: +-------+-------------+----------+---------------+-----------+-------+
[[0;32m  OK  [0m] Started ACPI Events Check.
[[0;32m  OK  [0m] Reached target Paths.
[   39.949083] cloud-init[963]: ci-info: |   0   |   0.0.0.0   | 10.0.2.2 |    0.0.0.0    |   enp0s3  |   UG  |
[   40.312548] cloud-init[963]: ci-info: |   1   |   10.0.2.0  | 0.0.0.0  | 255.255.255.0 |   enp0s3  |   U   |
[   40.313015] cloud-init[963]: ci-info: +-------+-------------+----------+---------------+-----------+-------+
[[0;32m  OK  [0m] Started Daily Cleanup of Temporary Directories.
[   40.313588] cloud-init[963]: Generating public/private rsa key pair.
[   40.620432] cloud-init[963]: Your identification has been saved in /etc/ssh/ssh_host_rsa_key.
[   40.620895] cloud-init[963]: Your public key has been saved in /etc/ssh/ssh_host_rsa_key.pub.
         Starting LXD - unix socket.
[[   40.621131] cloud-init[963]: The key fingerprint is:
[   40.833902] cloud-init[963]: SHA256:HwxxPFRHlUBAzvs0YRvAlwzOIIwHY+xBO+3X1bpLfC8 root@ubuntu-xenial
[0;32m  OK  [0m] Listening on ACPID Listen Socket.
[   40.834067] cloud-init[963]: The key's randomart image is:
[   41.022127] cloud-init[963]: +---[RSA 2048]----+
[[0;32m  OK  [0m] Listening on UUID daemon activation socket.
[[   41.022620] cloud-init[963]: |    o=+..+=**+=.o|
[   41.177485] cloud-init[963]: |    .++o.oO..=.. |
[0;32m  OK  [0m] Started Daily apt download activities.
[   41.177682] cloud-init[963]: |    .oo..  *.= . |
[   41.326504] cloud-init[963]: |     .o  o. + =  |
[[0;32m  OK  [0m] Started Daily apt upgrade and clean activities.
[[   41.326996] cloud-init[963]: |       .S.oo =   |
[   41.493147] cloud-init[963]: |        .. .+ o  |
[0;32m  OK  [0m] Started Timer to automatically refresh installed snaps.
[   41.493271] cloud-init[963]: |          .  = . |
[   41.660891] cloud-init[963]: |            . E .|
[[0;32m  OK  [0m] Reached target Timers.
[   41.661041] cloud-init[963]: |             . ..|
[   41.828353] cloud-init[963]: +----[SHA256]-----+
[   41.828908] cloud-init[963]: Generating public/private dsa key pair.
[   41.828980] cloud-init[963]: Your identification has been saved in /etc/ssh/ssh_host_dsa_key.
[   41.829497] cloud-init[963]: Your public key has been saved in /etc/ssh/ssh_host_dsa_key.pub.
[   41.829981] cloud-init[963]: The key fingerprint is:
[   41.830473] cloud-init[963]: SHA256:l9tRaHYMn7ulOiXhY9xuk0bwUgDLn5JZg377amEF5uY root@ubuntu-xenial
[   41.830945] cloud-init[963]: The key's randomart image is:
[   41.831427] cloud-init[963]: +---[DSA 1024]----+
[   41.831905] cloud-init[963]: |          ...    |
[   41.832854] cloud-init[963]: |         . o+= . |
[[   41.833277] cloud-init[963]: |          +o*o*  |
[   41.833396] cloud-init[963]: |         . O==o. |
[   41.833477] cloud-init[963]: |        S B==B. .|
[   41.833544] cloud-init[963]: |         . =Eo=+ |
[   41.833631] cloud-init[963]: |          .ooOo. |
[   41.833716] cloud-init[963]: |            oo*  |
[   41.833793] cloud-init[963]: |           .o=.. |
[   41.833850] cloud-init[963]: +----[SHA256]-----+
[   41.833915] cloud-init[963]: Generating public/private ecdsa key pair.
[   41.833986] cloud-init[963]: Your identification has been saved in /etc/ssh/ssh_host_ecdsa_key.
[   41.834054] cloud-init[963]: Your public key has been saved in /etc/ssh/ssh_host_ecdsa_key.pub.
[   41.834152] cloud-init[963]: The key fingerprint is:
[   41.834218] cloud-init[963]: SHA256:tCIp0oDXcsrY7/fjxrGICN4XxPZUrtiAaZQdYCPKTHA root@ubuntu-xenial
[   41.834286] cloud-init[963]: The key's randomart image is:
[   41.834349] cloud-init[963]: +---[ECDSA 256]---+
[   41.834412] cloud-init[963]: |ooE++..          |
[   41.834487] cloud-init[963]: |*.o+..   .       |
[   41.834558] cloud-init[963]: |+o+ *   +        |
[0;32m  OK  [0m] Listening on Socket activation for snappy daemon.
[   41.834656] [cloud-init[0;32m  OK  [0m[963]: ] | B B * o o       |Listening on LXD - unix socket.

[   43.404497] [cloud-init[0;32m  OK  [0m[963]: ] |o B = B S        |Started iSCSI initiator daemon (iscsid).

[   43.405234] cloud-init[963]: |.. o + =.        |
[   43.548531] cloud-init[963]: |.......o o       |
[   43.548932] cloud-init[963]: | ..o..o =        |
         Starting Login to default iSCSI targets...
[   43.549109] cloud-init[963]: |    o. +o.       |
[   43.689049] cloud-init[963]: +----[SHA256]-----+
[[0;32m  OK  [0m] Reached target Sockets.
[   43.689218] cloud-init[963]: Generating public/private ed25519 key pair.
[   43.813403] cloud-init[963]: Your identification has been saved in /etc/ssh/ssh_host_ed25519_key.
[[0;32m  OK  [0m] Reached target Basic System.
[   43.813673] cloud-init[963]: Your public key has been saved in /etc/ssh/ssh_host_ed25519_key.pub.
[   44.096620] cloud-init[963]: The key fingerprint is:
[   44.097068] cloud-init[963]: SHA256:8t2XzQz5cYntnF84p5Db5H5WVSCwLdP/4kqKESJFB5A root@ubuntu-xenial
         Starting LSB: MD monitoring daemon...
[   44.097301] cloud-init[963]: The key's randomart image is:
[   44.338357]          cloud-initStarting LSB: Record successful boot for GRUB...[963]: 
+--[ED25519 256]--+
[   44.433792]          cloud-initStarting /etc/rc.local Compatibility...[963]: 
|    .oo.. ... .. |
[   44.516668]          cloud-initStarting Pollinate to seed the pseudo random number generator...[963]: 
|    E. .   + .  .|
[   44.615277] cloud-init[963]: |      .   + o   .|
[   44.615682] cloud-init[963]: |     .     o .o.o|
[[0;32m  OK  [0m] Started Deferred execution scheduler.
[   44.615889] cloud-init[963]: |    . o S    .++o|
[   44.808734] cloud-init[963]: |     . + o . .oX=|
[   44.809190] cloud-init[963]: |        o . = B+X|
         Starting Virtualbox guest utils...
[   44.809401] cloud-init[963]: |         o o O ==|
[   44.977246] cloud-init[963]: |        . . oo*o.|
[   45.020439] [cloud-init[0;32m  OK  [0m[963]: ] +----[SHA256]-----+Started Regular background program processing daemon.

         Starting LXD - container startup/shutdown...
[[0;32m  OK  [0m] Started FUSE filesystem for LXC.
         Starting System Logging Service...
         Starting Accounts Service...
         Starting Apply the settings specified in cloud-config...
[[0;32m  OK  [0m] Started Unattended Upgrades Shutdown.
[[0;32m  OK  [0m] Started D-Bus System Message Bus.
[   46.820010] cloud-init[1141]: Generating locales (this might take a while)...
[[0;32m  OK  [0m] Started ACPI event daemon.
         Starting Login Service...
         Starting Snappy daemon...
[[0;32m  OK  [0m] Started System Logging Service.
[[0;32m  OK  [0m] Started /etc/rc.local Compatibility.
[[0;32m  OK  [0m] Started Pollinate to seed the pseudo random number generator.
[[0;32m  OK  [0m] Started Login Service.
         Starting Authenticate and Authorize Users to Run Privileged Tasks...
         Starting OpenBSD Secure Shell server...
[[0;32m  OK  [0m] Started LSB: Record successful boot for GRUB.
[[0;32m  OK  [0m] Started Login to default iSCSI targets.
[[0;32m  OK  [0m] Started LSB: MD monitoring daemon.
[[0;32m  OK  [0m] Reached target Remote File Systems (Pre).
[[0;32m  OK  [0m] Reached target Remote File Systems.
         Starting LSB: Set the CPU Frequency Scaling governor to "ondemand"...
         Starting Permit User Sessions...
         Starting LSB: automatic crash report generation...
         Starting LSB: daemon to balance interrupts for SMP systems...
[[0;32m  OK  [0m] Started Permit User Sessions.
[[0;32m  OK  [0m] Started LSB: Set the CPU Frequency Scaling governor to "ondemand".
[[0;32m  OK  [0m] Started OpenBSD Secure Shell server.
         Starting Hold until boot process finishes up...
         Starting Terminate Plymouth Boot Screen...
[[0;32m  OK  [0m] Started LSB: automatic crash report generation.
[[0;32m  OK  [0m] Started Hold until boot process finishes up.
[[0;32m  OK  [0m] Started Terminate Plymouth Boot Screen.
[[0;32m  OK  [0m] Started LSB: daemon to balance interrupts for SMP systems.
[[0;32m  OK  [0m] Started Authenticate and Authorize Users to Run Privileged Tasks.
[[0;32m  OK  [0m] Started Accounts Service.
         Starting Set console scheme...
[[0;32m  OK  [0m] Started Serial Getty on ttyS0.
[[0;32m  OK  [0m] Started Getty on tty1.
[[0;32m  OK  [0m] Reached target Login Prompts.
[[0;32m  OK  [0m] Started Virtualbox guest utils.
[[0;32m  OK  [0m] Started Set console scheme.
[[0;32m  OK  [0m] Started LXD - container startup/shutdown.
[   50.088264] cloud-init[1141]:   en_US.UTF-8... done
[   50.132496] cloud-init[1141]: Generation complete.
[[0;32m  OK  [0m] Started Snappy daemon.
[[0;32m  OK  [0m] Reached target Multi-User System.
[[0;32m  OK  [0m] Reached target Graphical Interface.
         Starting Update UTMP about System Runlevel Changes...
[[0;32m  OK  [0m] Started Update UTMP about System Runlevel Changes.
[   51.600477] cloud-init[1141]: Cloud-init v. 17.2 running 'modules:config' at Mon, 16 Apr 2018 09:11:40 +0000. Up 45.75 seconds.
[[0;32m  OK  [0m] Started Apply the settings specified in cloud-config.
         Starting Execute cloud user/final scripts...
ci-info: no authorized ssh keys fingerprints found for user ubuntu.
<14>Apr 16 09:11:47 ec2: 
<14>Apr 16 09:11:47 ec2: #############################################################
<14>Apr 16 09:11:47 ec2: -----BEGIN SSH HOST KEY FINGERPRINTS-----
<14>Apr 16 09:11:47 ec2: 1024 SHA256:l9tRaHYMn7ulOiXhY9xuk0bwUgDLn5JZg377amEF5uY root@ubuntu-xenial (DSA)
<14>Apr 16 09:11:47 ec2: 256 SHA256:tCIp0oDXcsrY7/fjxrGICN4XxPZUrtiAaZQdYCPKTHA root@ubuntu-xenial (ECDSA)
<14>Apr 16 09:11:47 ec2: 256 SHA256:8t2XzQz5cYntnF84p5Db5H5WVSCwLdP/4kqKESJFB5A root@ubuntu-xenial (ED25519)
<14>Apr 16 09:11:47 ec2: 2048 SHA256:HwxxPFRHlUBAzvs0YRvAlwzOIIwHY+xBO+3X1bpLfC8 root@ubuntu-xenial (RSA)
<14>Apr 16 09:11:47 ec2: -----END SSH HOST KEY FINGERPRINTS-----
<14>Apr 16 09:11:47 ec2: #############################################################
-----BEGIN SSH HOST KEY KEYS-----
ecdsa-sha2-nistp256 AAAAE2VjZHNhLXNoYTItbmlzdHAyNTYAAAAIbmlzdHAyNTYAAABBBC3eHdDgyHmvsaWxmZB2Tustzo8fafsxvKUIAnC9xWMEkbx2GTqu8l6dUrUx269FATQtNK1dzrjeSx9H5O7Cpi8= root@ubuntu-xenial
ssh-ed25519 AAAAC3NzaC1lZDI1NTE5AAAAIP+BYdaHoF0kYDJnA4sZDv/6oLnx1tIK15TtUGn1URSO root@ubuntu-xenial
ssh-rsa AAAAB3NzaC1yc2EAAAADAQABAAABAQCzlXSIr1rwAS0FUbbaF/a5G8OeVQCb9fWg7KZOoJ7RnwASxTulO/58BIC2gvRhZmS71pOqerJd/fz7inzJjzptBKdPyXTj/CDP7BkdxLpTHTDGRGn8t8Ot2VkNYcp5cWm/iN6Xr+zFcm2+eUhD+PMWLPqCO9jBJ2A5JxhFSxf9AZ9B+vB+NjFJUiZZiI3zI5ra3PLCCe1jedV/LzD+5nxz0DQ0TF+33dPkyX3u5gc+x6sXto9CAscsSYglcbMU7lcAXvUGw8FrB/wDzbMu5IobL2mYa4j3EY9LkXYb1wQAnThInAvWlHxXbq58iagPMO6rNof+2CTk8BgFihnpe7D7 root@ubuntu-xenial
-----END SSH HOST KEY KEYS-----
[[0;32m  OK  [0m] Created slice User Slice of vagrant.
[   53.880687] cloud-init[1324]: Cloud-init v. 17.2 running 'modules:final' at Mon, 16 Apr 2018 09:11:46 +0000. Up 52.18 seconds.
[   54.037408] [[0;32m  OK  [0m] Started Execute cloud user/final scripts.
cloud-init[1324]: ci-info: no authorized ssh keys fingerprints found for user ubuntu.
[   54.120536] [cloud-init[0;32m  OK  [0m[1324]: ] Cloud-init v. 17.2 finished at Mon, 16 Apr 2018 09:11:48 +0000. Datasource DataSourceNoCloud [seed=/dev/sdb][dsmode=net].  Up 53.87 secondsStarted Session 1 of user vagrant.

[[0;32m  OK  [0m] Reached target Cloud-init target.
         Starting User Manager for UID 1000...

Ubuntu 16.04.4 LTS ubuntu-xenial ttyS0

ubuntu-xenial login: 